<?xml version="1.0" encoding="UTF-8"?>
<!-- Generated by org.testng.reporters.JUnitReportReporter -->
<testsuite hostname="LAPTOP-M5843535" failures="0" tests="1" name="tests.LoginTest" time="8.847" errors="0" timestamp="2025-06-29T22:52:11 IST" skipped="0">
  <testcase classname="tests.LoginTest" name="validLogin" time="8.847"/>
</testsuite> <!-- tests.LoginTest -->
